<?xml version="1.0" encoding="UTF-8"?>
<!-- Generated by org.testng.reporters.JUnitReportReporter -->
<testsuite hostname="USQROACHAVEZHU1" failures="0" tests="1" name="test.Day4" time="0.001" errors="0" timestamp="2023-08-02T18:29:16 CDT" skipped="0">
  <testcase classname="test.Day4" name="plan" time="0.001"/>
</testsuite> <!-- test.Day4 -->
