<?xml version="1.0" encoding="UTF-8"?>
<!-- Generated by org.testng.reporters.JUnitReportReporter -->
<testsuite hostname="USQROACHAVEZHU1" failures="0" tests="2" name="test.Day2" time="0.009" errors="0" timestamp="2023-08-02T18:29:16 CDT" skipped="0">
  <testcase classname="test.Day2" name="plan" time="0.007"/>
  <testcase classname="test.Day2" name="plan" time="0.002"/>
</testsuite> <!-- test.Day2 -->
