<?xml version="1.0" encoding="UTF-8"?>
<!-- Generated by org.testng.reporters.JUnitReportReporter -->
<testsuite hostname="USQROACHAVEZHU1" failures="0" tests="10" name="test.Day3" time="0.037" errors="0" timestamp="2023-08-02T18:29:16 CDT" skipped="0">
  <testcase classname="test.Day3" name="MobileLoginHome" time="0.003"/>
  <testcase classname="test.Day3" name="WebLoginHome" time="0.002"/>
  <testcase classname="test.Day3" name="LoginAPIHome" time="0.001"/>
  <testcase classname="test.Day3" name="MobileLoginCarLoan" time="0.002"/>
  <testcase classname="test.Day3" name="MobileLoginCarLoan" time="0.002"/>
  <testcase classname="test.Day3" name="MobileSiginCarLoan" time="0.002"/>
  <testcase classname="test.Day3" name="WebLoginCarLoan" time="0.001"/>
  <testcase classname="test.Day3" name="APICarLoan" time="0.001"/>
  <testcase classname="test.Day3" name="MobileLoginCarLoan" time="0.004"/>
  <testcase classname="test.Day3" name="MobileSigoutCarLoan" time="0.019"/>
</testsuite> <!-- test.Day3 -->
